
Turn 490
================================================================
warning: owned entities 50, 26 collided on cell (21, 23) as the result of moves on this turn
At command 15 of 20:
    13   m 14 e
    14   m 45 n
>>> 15   m 50 n
    16   m 53 o
    17   m 57 s

warning: owned entities 64, 70, 45 collided on cell (21, 21) as the result of moves on this turn
At command 2 of 20:
    1   m 32 w
>>> 2   m 64 w
    3   m 2 w
    4   m 27 w

Other commands that placed an entity on this cell:
    5   m 63 n
    6   m 69 w
>>> 7   m 70 e
    8   m 71 e
    9   m 40 e

    12   m 18 w
    13   m 14 e
>>> 14   m 45 n
    15   m 50 n
    16   m 53 o


Turn 491
================================================================
warning: owned entities 32, 71, 18 collided on cell (21, 21) as the result of moves on this turn
At command 1 of 15:
>>> 1   m 32 w
    2   m 2 w
    3   m 69 w

Other commands that placed an entity on this cell:
    2   m 2 w
    3   m 69 w
>>> 4   m 71 e
    5   m 40 e
    6   m 73 o

    8   m 31 w
    9   m 79 n
>>> 10   m 18 n
    11   m 14 e
    12   m 57 e


Turn 492
================================================================
warning: owned entities 2, 69, 40 collided on cell (21, 21) as the result of moves on this turn
At command 1 of 12:
>>> 1   m 2 w
    2   m 69 n
    3   m 63 n

Other commands that placed an entity on this cell:
    1   m 2 w
>>> 2   m 69 n
    3   m 63 n
    4   m 40 e

    2   m 69 n
    3   m 63 n
>>> 4   m 40 e
    5   m 73 n
    6   m 44 o


Turn 493
================================================================
warning: owned entities 53, 73, 79 collided on cell (21, 21) as the result of moves on this turn
At command 1 of 9:
>>> 1   m 53 n
    2   m 73 e
    3   m 31 w

Other commands that placed an entity on this cell:
    1   m 53 n
>>> 2   m 73 e
    3   m 31 w
    4   m 57 n

    3   m 31 w
    4   m 57 n
>>> 5   m 79 w
    6   m 27 w
    7   m 44 e


Turn 494
================================================================
warning: owned entities 63, 44, 31 collided on cell (21, 21) as the result of moves on this turn
At command 2 of 6:
    1   m 57 n
>>> 2   m 63 n
    3   m 27 w
    4   m 44 e

Other commands that placed an entity on this cell:
    2   m 63 n
    3   m 27 w
>>> 4   m 44 e
    5   m 14 e
    6   m 31 w

    4   m 44 e
    5   m 14 e
>>> 6   m 31 w


Turn 495
================================================================
warning: owned entities 57, 27, 14 collided on cell (21, 21) as the result of moves on this turn
At command 1 of 3:
>>> 1   m 57 n
    2   m 27 w
    3   m 14 e

Other commands that placed an entity on this cell:
    1   m 57 n
>>> 2   m 27 w
    3   m 14 e

    1   m 57 n
    2   m 27 w
>>> 3   m 14 e

