
Turn 490
================================================================
warning: owned entities 1, 3, 12, 13 collided on cell (16, 32) as the result of moves on this turn
At command 1 of 13:
>>> 1   m 1 w
    2   m 3 e
    3   m 5 w

Other commands that placed an entity on this cell:
    1   m 1 w
>>> 2   m 3 e
    3   m 5 w
    4   m 7 w

    4   m 7 w
    5   m 9 w
>>> 6   m 12 n
    7   m 13 o
    8   m 14 w


Turn 491
================================================================
warning: owned entities 18, 21, 5 collided on cell (16, 32) as the result of moves on this turn
At command 1 of 9:
>>> 1   m 18 e
    2   m 19 n
    3   m 21 n

Other commands that placed an entity on this cell:
    1   m 18 e
    2   m 19 n
>>> 3   m 21 n
    4   m 22 n
    5   m 7 w

    7   m 23 n
    8   m 14 w
>>> 9   m 5 w


Turn 492
================================================================
warning: owned entities 19, 22, 7 collided on cell (16, 32) as the result of moves on this turn
At command 1 of 6:
>>> 1   m 19 e
    2   m 22 n
    3   m 23 n

Other commands that placed an entity on this cell:
    1   m 19 e
>>> 2   m 22 n
    3   m 23 n
    4   m 9 w

    3   m 23 n
    4   m 9 w
>>> 5   m 7 w
    6   m 14 w


Turn 493
================================================================
warning: owned entities 9, 23 collided on cell (16, 32) as the result of moves on this turn
At command 1 of 3:
>>> 1   m 9 w
    2   m 14 w
    3   m 23 n

Other commands that placed an entity on this cell:
    1   m 9 w
    2   m 14 w
>>> 3   m 23 n

