
Turn 490
================================================================
warning: owned entities 1, 5, 9 collided on cell (16, 32) as the result of moves on this turn
At command 1 of 17:
>>> 1   m 1 w
    2   m 3 w
    3   m 36 w

Other commands that placed an entity on this cell:
    2   m 3 w
    3   m 36 w
>>> 4   m 5 n
    5   m 7 w
    6   m 9 e

    4   m 5 n
    5   m 7 w
>>> 6   m 9 e
    7   m 11 w
    8   m 14 e


Turn 491
================================================================
warning: owned entities 7, 14, 3 collided on cell (16, 32) as the result of moves on this turn
At command 3 of 14:
    1   m 35 e
    2   m 36 w
>>> 3   m 7 n
    4   m 11 w
    5   m 14 e

Other commands that placed an entity on this cell:
    3   m 7 n
    4   m 11 w
>>> 5   m 14 e
    6   m 16 e
    7   m 17 o

    6   m 16 e
    7   m 17 o
>>> 8   m 3 w
    9   m 20 n
    10   m 22 o


Turn 492
================================================================
warning: owned entities 16, 35, 36 collided on cell (16, 32) as the result of moves on this turn
At command 1 of 11:
>>> 1   m 16 n
    2   m 17 n
    3   m 35 e

Other commands that placed an entity on this cell:
    1   m 16 n
    2   m 17 n
>>> 3   m 35 e
    4   m 36 w
    5   m 22 n

    2   m 17 n
    3   m 35 e
>>> 4   m 36 w
    5   m 22 n
    6   m 25 w


Turn 493
================================================================
warning: owned entities 17, 11, 24 collided on cell (16, 32) as the result of moves on this turn
At command 1 of 8:
>>> 1   m 17 n
    2   m 11 w
    3   m 20 n

Other commands that placed an entity on this cell:
    1   m 17 n
>>> 2   m 11 w
    3   m 20 n
    4   m 22 n

    3   m 20 n
    4   m 22 n
>>> 5   m 24 e
    6   m 25 w
    7   m 27 n


Turn 494
================================================================
warning: owned entities 25, 20, 22 collided on cell (16, 32) as the result of moves on this turn
At command 1 of 5:
>>> 1   m 25 w
    2   m 27 n
    3   m 20 e

Other commands that placed an entity on this cell:
    1   m 25 w
    2   m 27 n
>>> 3   m 20 e
    4   m 29 n
    5   m 22 n

    3   m 20 e
    4   m 29 n
>>> 5   m 22 n


Turn 495
================================================================
warning: owned entities 27, 29 collided on cell (16, 32) as the result of moves on this turn
At command 1 of 2:
>>> 1   m 27 n
    2   m 29 w

Other commands that placed an entity on this cell:
    1   m 27 n
>>> 2   m 29 w

