
Turn 490
================================================================
warning: owned entities 34, 35, 2 collided on cell (21, 21) as the result of moves on this turn
At command 1 of 13:
>>> 1   m 34 e
    2   m 35 w
    3   m 38 w

Other commands that placed an entity on this cell:
    1   m 34 e
>>> 2   m 35 w
    3   m 38 w
    4   m 6 w

    4   m 6 w
    5   m 10 n
>>> 6   m 2 n
    7   m 14 w
    8   m 49 n


Turn 491
================================================================
warning: owned entities 49, 38, 14 collided on cell (21, 21) as the result of moves on this turn
At command 1 of 10:
>>> 1   m 49 e
    2   m 18 w
    3   m 42 n

Other commands that placed an entity on this cell:
    2   m 18 w
    3   m 42 n
>>> 4   m 38 w
    5   m 6 w
    6   m 26 e

    7   m 28 w
    8   m 10 w
>>> 9   m 14 n
    10   m 53 w


Turn 492
================================================================
warning: owned entities 6, 26, 28 collided on cell (21, 21) as the result of moves on this turn
At command 3 of 7:
    1   m 18 w
    2   m 53 w
>>> 3   m 6 w
    4   m 42 e
    5   m 26 e

Other commands that placed an entity on this cell:
    3   m 6 w
    4   m 42 e
>>> 5   m 26 e
    6   m 28 n
    7   m 10 w

    4   m 42 e
    5   m 26 e
>>> 6   m 28 n
    7   m 10 w


Turn 493
================================================================
warning: owned entities 42, 10 collided on cell (21, 21) as the result of moves on this turn
At command 2 of 4:
    1   m 18 w
>>> 2   m 42 e
    3   m 10 w
    4   m 53 w

Other commands that placed an entity on this cell:
    1   m 18 w
    2   m 42 e
>>> 3   m 10 w
    4   m 53 w


Turn 495
================================================================
warning: owned entities 53, 18 collided on cell (21, 21) as the result of moves on this turn
At command 2 of 2:
    1   m 18 o
>>> 2   m 53 w

