
Turn 486
================================================================
warning: owned entities 77, 17 collided on cell (21, 54) as the result of moves on this turn
At command 15 of 21:
    13   m 9 e
    14   m 73 w
>>> 15   m 77 e
    16   m 78 n
    17   m 17 n

Other commands that placed an entity on this cell:
    15   m 77 e
    16   m 78 n
>>> 17   m 17 n
    18   m 52 w
    19   m 63 w


Turn 488
================================================================
warning: owned entities 82, 78 collided on cell (21, 54) as the result of moves on this turn
At command 8 of 19:
    6   m 55 n
    7   m 34 n
>>> 8   m 82 e
    9   m 37 n
    10   m 40 n

Other commands that placed an entity on this cell:
    12   m 43 w
    13   m 13 n
>>> 14   m 78 n
    15   m 52 w
    16   m 9 e


Turn 492
================================================================
warning: owned entities 43, 50 collided on cell (21, 48) as the result of moves on this turn
At command 9 of 17:
    7   m 40 n
    8   m 73 n
>>> 9   m 43 w
    10   m 13 n
    11   m 50 n

Other commands that placed an entity on this cell:
    9   m 43 w
    10   m 13 n
>>> 11   m 50 n
    12   m 52 w
    13   m 22 n


Turn 494
================================================================
warning: owned entities 52, 9 collided on cell (21, 46) as the result of moves on this turn
At command 10 of 15:
    8   m 73 n
    9   m 13 n
>>> 10   m 52 w
    11   m 22 n
    12   m 9 n

Other commands that placed an entity on this cell:
    10   m 52 w
    11   m 22 n
>>> 12   m 9 n
    13   m 63 n
    14   m 29 n


Turn 498
================================================================
warning: owned entities 13, 57 collided on cell (21, 45) as the result of moves on this turn
At command 7 of 13:
    5   m 40 n
    6   m 73 n
>>> 7   m 13 n
    8   m 22 n
    9   m 55 s

Other commands that placed an entity on this cell:
    8   m 22 n
    9   m 55 s
>>> 10   m 57 s
    11   m 63 n
    12   m 29 n

warning: owned entities 1, 70 collided on cell (21, 42) as the result of moves on this turn
At command 1 of 13:
>>> 1   m 1 n
    2   m 34 n
    3   m 5 e

Other commands that placed an entity on this cell:
    2   m 34 n
    3   m 5 e
>>> 4   m 70 s
    5   m 40 n
    6   m 73 n


Turn 499
================================================================
warning: owned entities 5, 55, 73 collided on cell (21, 42) as the result of moves on this turn
At command 2 of 9:
    1   m 34 n
>>> 2   m 5 n
    3   m 22 n
    4   m 55 s

Other commands that placed an entity on this cell:
    2   m 5 n
    3   m 22 n
>>> 4   m 55 s
    5   m 40 n
    6   m 73 w

    4   m 55 s
    5   m 40 n
>>> 6   m 73 w
    7   m 37 n
    8   m 29 e


Turn 500
================================================================
warning: owned entities 34, 22 collided on cell (21, 42) as the result of moves on this turn
At command 1 of 6:
>>> 1   m 34 n
    2   m 37 n
    3   m 22 w

Other commands that placed an entity on this cell:
    1   m 34 n
    2   m 37 n
>>> 3   m 22 w
    4   m 40 n
    5   m 29 n

