
Turn 497
================================================================
warning: owned entities 34, 33 collided on cell (47, 35) as the result of moves on this turn
At command 6 of 20:
    4   m 32 n
    5   m 2 n
>>> 6   m 34 n
    7   m 6 s
    8   m 33 s

Other commands that placed an entity on this cell:
    6   m 34 n
    7   m 6 s
>>> 8   m 33 s
    9   m 8 n
    10   m 10 s


Turn 498
================================================================
warning: owned entities 0, 8, 21 collided on cell (47, 32) as the result of moves on this turn
At command 2 of 18:
    1   m 4 s
>>> 2   m 0 s
    3   m 32 o
    4   m 2 n

Other commands that placed an entity on this cell:
    4   m 2 n
    5   m 6 s
>>> 6   m 8 e
    7   m 10 s
    8   m 12 n

    11   m 18 n
    12   m 19 o
>>> 13   m 21 n
    14   m 23 n
    15   m 26 o


Turn 499
================================================================
warning: owned entities 4, 10, 13, 18 collided on cell (47, 32) as the result of moves on this turn
At command 3 of 15:
    1   m 32 n
    2   m 2 n
>>> 3   m 4 n
    4   m 6 s
    5   m 10 s

Other commands that placed an entity on this cell:
    3   m 4 n
    4   m 6 s
>>> 5   m 10 s
    6   m 12 n
    7   m 13 w

    5   m 10 s
    6   m 12 n
>>> 7   m 13 w
    8   m 15 s
    9   m 18 e

    7   m 13 w
    8   m 15 s
>>> 9   m 18 e
    10   m 19 s
    11   m 23 o


Turn 500
================================================================
warning: owned entities 32, 19, 6, 26 collided on cell (47, 32) as the result of moves on this turn
At command 1 of 11:
>>> 1   m 32 n
    2   m 2 n
    3   m 19 w

Other commands that placed an entity on this cell:
    1   m 32 n
    2   m 2 n
>>> 3   m 19 w
    4   m 6 s
    5   m 23 n

    2   m 2 n
    3   m 19 w
>>> 4   m 6 s
    5   m 23 n
    6   m 28 s

    5   m 23 n
    6   m 28 s
>>> 7   m 26 e
    8   m 31 n
    9   m 12 n

