
Turn 4
================================================================
warning: owned entities 3, 1 collided on cell (8, 15) as the result of moves on this turn
At command 2 of 2:
    1   m 1 o
>>> 2   m 3 n


Turn 7
================================================================
warning: entity 4 was directed to use 2 halite to move north, but only 0 halite was available
At command 1 of 2:
>>> 1   m 4 n
    2   g


Turn 9
================================================================
warning: entity 6 was directed to use 4 halite to move west, but only 0 halite was available
At command 2 of 3:
    1   m 4 o
>>> 2   m 6 w
    3   g


Turn 11
================================================================
warning: owned entities 6, 8 collided on cell (8, 15) as the result of moves on this turn
At command 3 of 3:
    1   m 8 o
    2   m 4 o
>>> 3   m 6 e

