
Turn 3
================================================================
warning: entity 0 was directed to use 7 halite to move east, but only 0 halite was available
At command 1 of 2:
>>> 1   m 0 e
    2   g


Turn 5
================================================================
warning: entity 2 was directed to use 2 halite to move north, but only 0 halite was available
At command 2 of 2:
    1   m 0 n
>>> 2   m 2 n


Turn 8
================================================================
warning: entity 5 was directed to use 4 halite to move west, but only 0 halite was available
At command 3 of 4:
    1   m 0 e
    2   m 2 o
>>> 3   m 5 w
    4   g


Turn 10
================================================================
warning: entity 7 was directed to use 1 halite to move east, but only 0 halite was available
At command 4 of 5:
    2   m 2 o
    3   m 5 w
>>> 4   m 7 e
    5   g

warning: spawn on cell (23, 16) collided with owned entity 0 on that cell
At command 5 of 5:
    3   m 5 w
    4   m 7 e
>>> 5   g


Turn 12
================================================================
warning: entity 5 was directed to use 7 halite to move west, but only 3 halite was available
At command 2 of 3:
    1   m 2 o
>>> 2   m 5 w
    3   m 7 e

warning: entity 7 was directed to use 6 halite to move east, but only 4 halite was available
At command 3 of 3:
    1   m 2 o
    2   m 5 w
>>> 3   m 7 e


Turn 39
================================================================
warning: owned entities 2, 7 collided on cell (21, 19) as the result of moves on this turn
At command 1 of 3:
>>> 1   m 2 w
    2   m 5 o
    3   m 7 s

Other commands that placed an entity on this cell:
    1   m 2 w
    2   m 5 o
>>> 3   m 7 s

