
Turn 490
================================================================
warning: owned entities 64, 10, 44 collided on cell (21, 21) as the result of moves on this turn
At command 1 of 17:
>>> 1   m 64 w
    2   m 2 n
    3   m 39 n

Other commands that placed an entity on this cell:
    3   m 39 n
    4   m 72 w
>>> 5   m 10 e
    6   m 44 n
    7   m 45 n

    4   m 72 w
    5   m 10 e
>>> 6   m 44 n
    7   m 45 n
    8   m 14 n


Turn 491
================================================================
warning: owned entities 2, 72, 45 collided on cell (21, 21) as the result of moves on this turn
At command 1 of 14:
>>> 1   m 2 n
    2   m 39 n
    3   m 72 w

Other commands that placed an entity on this cell:
    1   m 2 n
    2   m 39 n
>>> 3   m 72 w
    4   m 45 e
    5   m 14 n

    2   m 39 n
    3   m 72 w
>>> 4   m 45 e
    5   m 14 n
    6   m 61 e


Turn 492
================================================================
warning: owned entities 39, 14, 61 collided on cell (21, 21) as the result of moves on this turn
At command 4 of 11:
    2   m 18 n
    3   m 84 e
>>> 4   m 39 n
    5   m 24 o
    6   m 58 o

Other commands that placed an entity on this cell:
    8   m 60 o
    9   m 26 e
>>> 10   m 14 w
    11   m 61 e

    9   m 26 e
    10   m 14 w
>>> 11   m 61 e


Turn 493
================================================================
warning: owned entities 80, 18, 84 collided on cell (21, 21) as the result of moves on this turn
At command 1 of 8:
>>> 1   m 80 e
    2   m 18 w
    3   m 84 n

Other commands that placed an entity on this cell:
    1   m 80 e
>>> 2   m 18 w
    3   m 84 n
    4   m 24 w

    1   m 80 e
    2   m 18 w
>>> 3   m 84 n
    4   m 24 w
    5   m 26 e


Turn 494
================================================================
warning: owned entities 24, 58, 26 collided on cell (21, 21) as the result of moves on this turn
At command 1 of 5:
>>> 1   m 24 w
    2   m 58 n
    3   m 60 n

Other commands that placed an entity on this cell:
    1   m 24 w
>>> 2   m 58 n
    3   m 60 n
    4   m 26 e

    2   m 58 n
    3   m 60 n
>>> 4   m 26 e
    5   m 47 n


Turn 496
================================================================
warning: owned entities 47, 60 collided on cell (21, 21) as the result of moves on this turn
At command 2 of 2:
    1   m 60 o
>>> 2   m 47 w

