
Turn 496
================================================================
warning: owned entities 37, 39 collided on cell (42, 44) as the result of moves on this turn
At command 5 of 8:
    3   m 48 n
    4   m 51 n
>>> 5   m 37 n
    6   m 16 n
    7   m 8 n


Turn 498
================================================================
warning: owned entities 32, 0, 8 collided on cell (42, 42) as the result of moves on this turn
At command 3 of 6:
    1   m 48 o
    2   m 16 n
>>> 3   m 32 n
    4   m 51 s
    5   m 0 s

Other commands that placed an entity on this cell:
    3   m 32 n
    4   m 51 s
>>> 5   m 0 s
    6   m 8 w

    4   m 51 s
    5   m 0 s
>>> 6   m 8 w

