
Turn 490
================================================================
warning: owned entities 1, 3, 14, 19 collided on cell (16, 32) as the result of moves on this turn
At command 1 of 25:
>>> 1   m 1 w
    2   m 3 e
    3   m 5 n

Other commands that placed an entity on this cell:
    1   m 1 w
>>> 2   m 3 e
    3   m 5 n
    4   m 7 w

    5   m 9 e
    6   m 13 w
>>> 7   m 14 n
    8   m 15 w
    9   m 17 s

    8   m 15 w
    9   m 17 s
>>> 10   m 19 s
    11   m 21 o
    12   m 25 w


Turn 491
================================================================
warning: owned entities 15, 9, 7 collided on cell (16, 32) as the result of moves on this turn
At command 7 of 21:
    5   m 38 n
    6   m 39 n
>>> 7   m 15 n
    8   m 9 e
    9   m 42 n

Other commands that placed an entity on this cell:
    6   m 39 n
    7   m 15 n
>>> 8   m 9 e
    9   m 42 n
    10   m 7 w

    8   m 9 e
    9   m 42 n
>>> 10   m 7 w
    11   m 44 o
    12   m 13 w

warning: owned entities 33, 30 collided on cell (17, 33) as the result of moves on this turn
At command 1 of 21:
>>> 1   m 33 n
    2   m 34 n
    3   m 36 n


Turn 492
================================================================
warning: owned entities 5, 13, 28 collided on cell (16, 32) as the result of moves on this turn
At command 3 of 16:
    1   m 34 n
    2   m 36 n
>>> 3   m 5 n
    4   m 38 n
    5   m 39 n

Other commands that placed an entity on this cell:
    6   m 42 o
    7   m 44 o
>>> 8   m 13 w
    9   m 45 o
    10   m 48 n

    13   m 25 w
    14   m 27 o
>>> 15   m 28 e
    16   m 29 n


Turn 493
================================================================
warning: owned entities 38, 17, 25 collided on cell (16, 32) as the result of moves on this turn
At command 3 of 13:
    1   m 34 w
    2   m 36 w
>>> 3   m 38 e
    4   m 39 n
    5   m 42 o

Other commands that placed an entity on this cell:
    7   m 45 o
    8   m 48 n
>>> 9   m 17 n
    10   m 21 o
    11   m 25 w

    9   m 17 n
    10   m 21 o
>>> 11   m 25 w
    12   m 27 w
    13   m 29 o


Turn 494
================================================================
warning: owned entities 48, 34, 36 collided on cell (16, 32) as the result of moves on this turn
At command 1 of 10:
>>> 1   m 48 e
    2   m 34 w
    3   m 36 n

Other commands that placed an entity on this cell:
    1   m 48 e
>>> 2   m 34 w
    3   m 36 n
    4   m 21 n

    1   m 48 e
    2   m 34 w
>>> 3   m 36 n
    4   m 21 n
    5   m 39 w


Turn 495
================================================================
warning: owned entities 21, 39, 29 collided on cell (16, 32) as the result of moves on this turn
At command 1 of 7:
>>> 1   m 21 n
    2   m 39 w
    3   m 42 w

Other commands that placed an entity on this cell:
    1   m 21 n
>>> 2   m 39 w
    3   m 42 w
    4   m 27 w

    4   m 27 w
    5   m 44 w
>>> 6   m 29 e
    7   m 45 w


Turn 496
================================================================
warning: owned entities 42, 27 collided on cell (16, 32) as the result of moves on this turn
At command 1 of 4:
>>> 1   m 42 w
    2   m 27 n
    3   m 44 w

Other commands that placed an entity on this cell:
    1   m 42 w
>>> 2   m 27 n
    3   m 44 w
    4   m 45 w


Turn 498
================================================================
warning: owned entities 45, 44 collided on cell (16, 32) as the result of moves on this turn
At command 2 of 2:
    1   m 44 o
>>> 2   m 45 w

