
Turn 125
================================================================
warning: owned entities 10, 34 collided on cell (47, 33) as the result of moves on this turn
At command 2 of 22:
    1   m 4 e
>>> 2   m 10 n
    3   m 11 s
    4   m 19 n

Other commands that placed an entity on this cell:
    5   m 29 w
    6   m 32 s
>>> 7   m 34 s
    8   m 0 o
    9   m 2 o


Turn 126
================================================================
warning: owned entities 32, 19 collided on cell (47, 32) as the result of moves on this turn
At command 1 of 20:
>>> 1   m 32 s
    2   m 4 e
    3   m 11 o


Turn 258
================================================================
warning: owned entities 8, 45 collided on cell (47, 30) as the result of moves on this turn
At command 3 of 26:
    1   m 4 o
    2   m 0 e
>>> 3   m 8 s
    4   m 11 s
    5   m 13 e

Other commands that placed an entity on this cell:
    6   m 21 o
    7   m 30 n
>>> 8   m 45 n
    9   m 47 n
    10   m 48 e


Turn 259
================================================================
warning: owned entities 11, 30 collided on cell (47, 32) as the result of moves on this turn
At command 2 of 24:
    1   m 0 e
>>> 2   m 11 s
    3   m 13 o
    4   m 21 o


Turn 447
================================================================
warning: owned entities 27, 57 collided on cell (47, 32) as the result of moves on this turn
At command 3 of 22:
    1   m 4 w
    2   m 17 n
>>> 3   m 27 n
    4   m 29 s
    5   m 42 s


Turn 483
================================================================
warning: owned entities 29, 59 collided on cell (47, 47) as the result of moves on this turn
At command 14 of 20:
    12   m 41 s
    13   m 60 o
>>> 14   m 29 s
    15   m 53 o
    16   m 2 w

Other commands that placed an entity on this cell:
    18   m 13 o
    19   m 21 n
>>> 20   m 59 n

