
Turn 255
================================================================
warning: owned entities 43, 7 collided on cell (42, 21) as the result of moves on this turn
At command 3 of 20:
    1   m 39 w
    2   m 11 n
>>> 3   m 43 n
    4   m 21 n
    5   m 24 o


Turn 257
================================================================
warning: owned entities 11, 24 collided on cell (42, 21) as the result of moves on this turn
At command 2 of 18:
    1   m 39 s
>>> 2   m 11 n
    3   m 21 o
    4   m 24 o


Turn 494
================================================================
warning: owned entities 47, 67 collided on cell (42, 25) as the result of moves on this turn
At command 7 of 16:
    5   m 37 n
    6   m 39 s
>>> 7   m 47 e
    8   m 74 s
    9   m 61 w

Other commands that placed an entity on this cell:
    10   m 80 n
    11   m 81 n
>>> 12   m 67 n
    13   m 21 n
    14   m 59 n


Turn 496
================================================================
warning: owned entities 15, 62 collided on cell (42, 23) as the result of moves on this turn
At command 3 of 14:
    1   m 34 o
    2   m 3 s
>>> 3   m 15 s
    4   m 37 o
    5   m 39 s

Other commands that placed an entity on this cell:
    12   m 59 n
    13   m 29 n
>>> 14   m 62 n


Turn 497
================================================================
warning: owned entities 37, 80 collided on cell (42, 25) as the result of moves on this turn
At command 3 of 12:
    1   m 3 s
    2   m 34 n
>>> 3   m 37 n
    4   m 39 s
    5   m 74 s

Other commands that placed an entity on this cell:
    5   m 74 s
    6   m 61 s
>>> 7   m 80 s
    8   m 81 n
    9   m 19 n


Turn 498
================================================================
warning: owned entities 39, 61 collided on cell (42, 21) as the result of moves on this turn
At command 6 of 10:
    4   m 19 n
    5   m 21 n
>>> 6   m 39 s
    7   m 74 s
    8   m 59 n

Other commands that placed an entity on this cell:
    7   m 74 s
    8   m 59 n
>>> 9   m 61 w
    10   m 29 w


Turn 499
================================================================
warning: owned entities 74, 29 collided on cell (42, 21) as the result of moves on this turn
At command 6 of 8:
    4   m 19 n
    5   m 21 n
>>> 6   m 74 s
    7   m 59 n
    8   m 29 n

Other commands that placed an entity on this cell:
    6   m 74 s
    7   m 59 n
>>> 8   m 29 n


Turn 500
================================================================
warning: owned entities 3, 21, 59 collided on cell (42, 21) as the result of moves on this turn
At command 4 of 6:
    2   m 81 n
    3   m 34 n
>>> 4   m 3 n
    5   m 21 w
    6   m 59 e

Other commands that placed an entity on this cell:
    3   m 34 n
    4   m 3 n
>>> 5   m 21 w
    6   m 59 e

    4   m 3 n
    5   m 21 w
>>> 6   m 59 e

